2025-09-30T10:02:12.613Z [INFO]: Started Scraping Search Results
2025-09-30T10:02:13.148Z [INFO]: Attempting to scrape https://www.quora.com/What-are-the-best-resources-to-learn-Rust-programming, Retries left: 3
2025-09-30T10:02:30.146Z [INFO]: Started Scraping Search Results
2025-09-30T10:02:31.374Z [INFO]: Attempting to scrape https://www.quora.com/What-are-the-best-resources-to-learn-Rust-programming, Retries left: 3
2025-09-30T10:02:40.393Z [ERROR]: Error scraping https://www.quora.com/What-are-the-best-resources-to-learn-Rust-programming. Retries left: 3. Error: page.waitForSelector: Target page, context or browser has been closed
Call log:
[2m  - waiting for locator('button[aria-haspopup="menu"][role="button"]')[22m

2025-09-30T10:02:40.395Z [ERROR]: Fatal error: page.waitForTimeout: Target page, context or browser has been closed
2025-09-30T10:04:05.242Z [INFO]: Started Scraping Search Results
2025-09-30T10:04:06.493Z [INFO]: Attempting to scrape https://www.quora.com/What-is-ClickUp-software-and-how-can-it-help-you-manage-your-projects, Retries left: 3
2025-09-30T10:04:32.363Z [ERROR]: Error scraping https://www.quora.com/What-is-ClickUp-software-and-how-can-it-help-you-manage-your-projects. Retries left: 3. Error: page.waitForSelector: Timeout 15000ms exceeded.
Call log:
[2m  - waiting for locator('button[aria-haspopup="menu"][role="button"]')[22m
[2m    - waiting for" https://www.quora.com/What-is-ClickUp-software-and-how-can-it-help-you-manage-your-projects" navigation to finish...[22m
[2m    - navigated to "https://www.quora.com/What-is-ClickUp-software-and-how-can-it-help-you-manage-your-projects"[22m

2025-09-30T10:04:34.367Z [INFO]: Attempting to scrape https://www.quora.com/What-is-ClickUp-software-and-how-can-it-help-you-manage-your-projects, Retries left: 2
2025-09-30T10:04:56.676Z [ERROR]: Error scraping https://www.quora.com/What-is-ClickUp-software-and-how-can-it-help-you-manage-your-projects. Retries left: 2. Error: page.waitForSelector: Timeout 15000ms exceeded.
Call log:
[2m  - waiting for locator('button[aria-haspopup="menu"][role="button"]')[22m
[2m    - waiting for" https://www.quora.com/What-is-ClickUp-software-and-how-can-it-help-you-manage-your-projects" navigation to finish...[22m
[2m    - navigated to "https://www.quora.com/What-is-ClickUp-software-and-how-can-it-help-you-manage-your-projects"[22m

2025-09-30T10:04:58.679Z [INFO]: Attempting to scrape https://www.quora.com/What-is-ClickUp-software-and-how-can-it-help-you-manage-your-projects, Retries left: 1
2025-09-30T10:05:19.088Z [ERROR]: Error scraping https://www.quora.com/What-is-ClickUp-software-and-how-can-it-help-you-manage-your-projects. Retries left: 1. Error: page.waitForSelector: Timeout 15000ms exceeded.
Call log:
[2m  - waiting for locator('button[aria-haspopup="menu"][role="button"]')[22m

2025-09-30T10:05:19.088Z [ERROR]: Failed to scrape https://www.quora.com/What-is-ClickUp-software-and-how-can-it-help-you-manage-your-projects after multiple retries.
2025-09-30T10:05:19.088Z [INFO]: Successfully Scraped 0 Answers for https://www.quora.com/What-is-ClickUp-software-and-how-can-it-help-you-manage-your-projects
